<?xml version="1.0" encoding="UTF-8"?>
<!-- Generated by org.testng.reporters.JUnitXMLReporter -->
<testsuite ignored="0" hostname="LAPTOP-R3A2COG5" failures="1" tests="55" name="Test" time="964.963" errors="0" timestamp="15 Feb 2023 11:43:55 GMT">
  <testcase classname="BaseTest.TestCases_with_different_latLong_headers" name="verifyHeaders" time="3.282"/>
  <testcase classname="BaseTest.TestCases_with_different_latLong_headers" name="verifyHeaders02" time="3.261"/>
  <testcase classname="BaseTest.TestCases_with_different_latLong_headers" name="verifyHeaders03" time="3.311"/>
  <testcase classname="BaseTest.TestCases_with_different_latLong_headers" name="verifyHeaders04" time="3.289"/>
  <testcase classname="BaseTest.TestCases_with_different_latLong_headers" name="verifyHeaders05" time="3.297"/>
  <testcase classname="BaseTest.TestCases_with_different_latLong_headers" name="verifyHeaders06" time="3.272"/>
  <testcase classname="BaseTest.TestCases_with_different_latLong_headers" name="verifyHeaders07" time="3.235"/>
  <testcase classname="BaseTest.TestCases_with_different_latLong_headers" name="verifyHeaders08" time="3.271"/>
  <testcase classname="BaseTest.TestCases_with_different_latLong_headers" name="verifyHeaders09" time="3.288"/>
  <testcase classname="BaseTest.TestCases_with_different_latLong_headers" name="verifyHeaders1" time="3.273"/>
  <testcase classname="BaseTest.TestCases_with_different_latLong_headers" name="verifyHeaders10" time="3.277"/>
  <testcase classname="BaseTest.TestCases_with_different_latLong_headers" name="verifyHeaders11" time="3.274"/>
  <testcase classname="BaseTest.TestCases_with_different_latLong_headers" name="verifyHeaders12" time="3.311"/>
  <testcase classname="BaseTest.TestCases_with_different_latLong_headers" name="verifyHeaders13" time="3.284"/>
  <testcase classname="BaseTest.TestCases_with_different_latLong_headers" name="verifyHeaders14" time="3.272"/>
  <testcase classname="BaseTest.TestCases_with_different_latLong_headers" name="verifyHeaders15" time="3.206"/>
  <testcase classname="BaseTest.TestCases_with_different_latLong_headers" name="verifyHeaders16" time="3.281"/>
  <testcase classname="BaseTest.TestCases_with_different_latLong_headers" name="verifyHeaders17" time="3.294"/>
  <testcase classname="BaseTest.TestCases_with_different_latLong_headers" name="verifyHeaders18" time="3.289"/>
  <testcase classname="BaseTest.TestCases_with_different_latLong_headers" name="verifyHeaders19" time="3.279"/>
  <testcase classname="BaseTest.TestCases_with_different_latLong_headers" name="verifyHeaders20" time="3.272"/>
  <testcase classname="BaseTest.TestCases_with_different_latLong_headers" name="verifyHeaders21" time="3.284"/>
  <testcase classname="BaseTest.TestCases_with_different_latLong_headers" name="verifyHeaders22" time="3.315"/>
  <testcase classname="BaseTest.TestCases_with_different_latLong_headers" name="verifyHeaders23" time="3.246"/>
  <testcase classname="BaseTest.TestCases_with_different_latLong_headers" name="verifyHeaders24" time="3.282"/>
  <testcase classname="BaseTest.TestCases_with_different_latLong_headers" name="verifyHeaders25" time="3.249"/>
  <testcase classname="BaseTest.TestCases_with_different_latLong_headers" name="verifyHeaders26" time="3.266"/>
  <testcase classname="BaseTest.TestCases_with_different_latLong_headers" name="verifyHeaders27" time="3.277"/>
  <testcase classname="BaseTest.TestCases_with_validFies" name="verify_valid_DDMspace_file" time="3.282"/>
  <testcase classname="BaseTest.TestCases_with_validFies" name="verify_valid_DD_file" time="3.264"/>
  <testcase classname="BaseTest.TestCases_with_validFies" name="verify_valid_DMSsapce_with_twolable_file" time="3.283"/>
  <testcase classname="BaseTest.TestCases_with_validFies" name="verify_valid_Dms_file" time="3.272"/>
  <testcase classname="BaseTest.TestCases_with_validFies" name="verify_valid_Dmsspace_file" time="3.265"/>
  <testcase classname="BaseTest.action_verfiy" name="verfiy_forinvalid_long_file" time="8.163">
    <failure type="java.lang.AssertionError" message="null">
      <![CDATA[java.lang.AssertionError: null
at BaseTest.Baseclass.validate_submit_downloadbutton(Baseclass.java:70)
at BaseTest.action_verfiy.verfiy_forinvalid_long_file(action_verfiy.java:23)
... Removed 27 stack frames]]>
    </failure>
  </testcase> <!-- verfiy_forinvalid_long_file -->
  <testcase classname="BaseTest.TestCases_withinvalidFile_ErrorMsg" name="verfiy_DDMlat_OOB" time="1.595"/>
  <testcase classname="BaseTest.TestCases_withinvalidFile_ErrorMsg" name="verfiy_DDlong_OOB" time="1.407"/>
  <testcase classname="BaseTest.TestCases_withinvalidFile_ErrorMsg" name="verfiy_forinvalid_long_file" time="1.592"/>
  <testcase classname="BaseTest.TestCases_withinvalidFile_ErrorMsg" name="verify_DDMlong_OOB" time="1.481"/>
  <testcase classname="BaseTest.TestCases_withinvalidFile_ErrorMsg" name="verify_DDlat_OOB" time="1.611"/>
  <testcase classname="BaseTest.TestCases_withinvalidFile_ErrorMsg" name="verify_DMSlat_OOB" time="1.402"/>
  <testcase classname="BaseTest.TestCases_withinvalidFile_ErrorMsg" name="verify_DMSlong_OOB" time="1.667"/>
  <testcase classname="BaseTest.TestCases_withinvalidFile_ErrorMsg" name="verify_for_laonoutofbound" time="1.551"/>
  <testcase classname="BaseTest.TestCases_withinvalidFile_ErrorMsg" name="verify_for_latoutofbound" time="1.73"/>
  <testcase classname="BaseTest.TestCases_withinvalidFile_ErrorMsg" name="verify_forinvalid_lat_file" time="1.493"/>
  <testcase classname="BaseTest.genral_TestCases" name="veify_uploadfile_Button" time="0.023"/>
  <testcase classname="BaseTest.genral_TestCases" name="verfiyZoom_in_ZoomOut" time="0.445"/>
  <testcase classname="BaseTest.genral_TestCases" name="verfiy_Mapview" time="4.236"/>
  <testcase classname="BaseTest.genral_TestCases" name="verifyTitle" time="0.004"/>
  <testcase classname="BaseTest.genral_TestCases" name="verify_Csv_Checkbox" time="0.018"/>
  <testcase classname="BaseTest.genral_TestCases" name="verify_Kml_Checkbox" time="0.02"/>
  <testcase classname="BaseTest.genral_TestCases" name="verify_UTM_sampledata" time="5.325"/>
  <testcase classname="BaseTest.genral_TestCases" name="verify_latlong_sampledata" time="5.199"/>
  <testcase classname="BaseTest.genral_TestCases" name="verify_paste_manual" time="0.044"/>
  <testcase classname="BaseTest.genral_TestCases" name="verify_satalliteview" time="0.176"/>
  <testcase classname="BaseTest.genral_TestCases" name="verify_upload_file" time="11.309"/>
</testsuite> <!-- Test -->
