<?xml version="1.0" encoding="UTF-8"?>
<!-- Generated by org.testng.reporters.JUnitXMLReporter -->
<testsuite ignored="0" hostname="LAPTOP-R3A2COG5" failures="0" tests="4" name="Test1" time="71.915" errors="0" timestamp="30 Jan 2023 09:24:23 GMT">
  <testcase classname="BaseTest.TestCases_withinvalidFile_ErrorMsg" name="verfiy_forinvalid_long_file" time="2.321"/>
  <testcase classname="BaseTest.TestCases_withinvalidFile_ErrorMsg" name="verify_for_laonoutofbound" time="1.816"/>
  <testcase classname="BaseTest.TestCases_withinvalidFile_ErrorMsg" name="verify_for_latoutofbound" time="1.6"/>
  <testcase classname="BaseTest.TestCases_withinvalidFile_ErrorMsg" name="verify_forinvalid_lat_file" time="1.625"/>
</testsuite> <!-- Test1 -->
