<?xml version="1.0" encoding="UTF-8"?>
<!-- Generated by org.testng.reporters.JUnitXMLReporter -->
<testsuite ignored="0" hostname="LAPTOP-R3A2COG5" failures="0" tests="11" name="Test" time="109.801" errors="0" timestamp="17 Feb 2023 12:09:22 GMT">
  <testcase classname="BaseTest.genral_TestCases" name="veify_uploadfile_Button" time="0.078"/>
  <testcase classname="BaseTest.genral_TestCases" name="verfiyZoom_in_ZoomOut" time="0.558"/>
  <testcase classname="BaseTest.genral_TestCases" name="verfiy_Mapview" time="4.306"/>
  <testcase classname="BaseTest.genral_TestCases" name="verifyTitle" time="0.018"/>
  <testcase classname="BaseTest.genral_TestCases" name="verify_Csv_Checkbox" time="0.04"/>
  <testcase classname="BaseTest.genral_TestCases" name="verify_Kml_Checkbox" time="0.046"/>
  <testcase classname="BaseTest.genral_TestCases" name="verify_UTM_sampledata" time="5.314"/>
  <testcase classname="BaseTest.genral_TestCases" name="verify_latlong_sampledata" time="5.269"/>
  <testcase classname="BaseTest.genral_TestCases" name="verify_paste_manual" time="0.149"/>
  <testcase classname="BaseTest.genral_TestCases" name="verify_satalliteview" time="1.086"/>
  <testcase classname="BaseTest.genral_TestCases" name="verify_upload_file" time="11.572"/>
</testsuite> <!-- Test -->
