<?xml version="1.0" encoding="UTF-8"?>
<testng-results ignored="0" total="4" passed="4" failed="0" skipped="0">
  <reporter-output>
  </reporter-output>
  <suite started-at="2023-02-05T06:04:08Z" name="Suite" finished-at="2023-02-05T06:05:06Z" duration-ms="58425">
    <groups>
    </groups>
    <test started-at="2023-02-05T06:04:08Z" name="Test" finished-at="2023-02-05T06:04:44Z" duration-ms="36288">
      <class name="BaseTest.action_verfiy">
        <test-method is-config="true" signature="BrowserLaunch(java.lang.String)[pri:0, instance:BaseTest.action_verfiy@62435e70]" started-at="2023-02-05T06:04:08Z" name="BrowserLaunch" finished-at="2023-02-05T06:04:13Z" duration-ms="5664" status="PASS">
          <params>
            <param index="0">
              <value>
                <![CDATA[chrome]]>
              </value>
            </param>
          </params>
          <reporter-output>
          </reporter-output>
        </test-method> <!-- BrowserLaunch -->
        <test-method signature="verify_UTM_sampledata()[pri:0, instance:BaseTest.action_verfiy@62435e70]" started-at="2023-02-05T06:04:13Z" name="verify_UTM_sampledata" finished-at="2023-02-05T06:04:19Z" duration-ms="5240" status="PASS">
          <reporter-output>
          </reporter-output>
        </test-method> <!-- verify_UTM_sampledata -->
        <test-method is-config="true" signature="Teardown()[pri:0, instance:BaseTest.action_verfiy@62435e70]" started-at="2023-02-05T06:04:19Z" name="Teardown" finished-at="2023-02-05T06:04:19Z" duration-ms="120" status="PASS">
          <reporter-output>
          </reporter-output>
        </test-method> <!-- Teardown -->
        <test-method is-config="true" signature="BrowserLaunch(java.lang.String)[pri:0, instance:BaseTest.action_verfiy@62435e70]" started-at="2023-02-05T06:04:19Z" name="BrowserLaunch" finished-at="2023-02-05T06:04:22Z" duration-ms="3803" status="PASS">
          <params>
            <param index="0">
              <value>
                <![CDATA[chrome]]>
              </value>
            </param>
          </params>
          <reporter-output>
          </reporter-output>
        </test-method> <!-- BrowserLaunch -->
        <test-method signature="verify_latlong_sampledata()[pri:0, instance:BaseTest.action_verfiy@62435e70]" started-at="2023-02-05T06:04:22Z" name="verify_latlong_sampledata" finished-at="2023-02-05T06:04:28Z" duration-ms="5211" status="PASS">
          <reporter-output>
          </reporter-output>
        </test-method> <!-- verify_latlong_sampledata -->
        <test-method is-config="true" signature="Teardown()[pri:0, instance:BaseTest.action_verfiy@62435e70]" started-at="2023-02-05T06:04:28Z" name="Teardown" finished-at="2023-02-05T06:04:44Z" duration-ms="16225" status="PASS">
          <reporter-output>
          </reporter-output>
        </test-method> <!-- Teardown -->
      </class> <!-- BaseTest.action_verfiy -->
    </test> <!-- Test -->
    <test started-at="2023-02-05T06:04:44Z" name="Test2" finished-at="2023-02-05T06:05:06Z" duration-ms="21850">
      <class name="BaseTest.action_verfiy">
        <test-method is-config="true" signature="BrowserLaunch(java.lang.String)[pri:0, instance:BaseTest.action_verfiy@2692b61e]" started-at="2023-02-05T06:04:44Z" name="BrowserLaunch" finished-at="2023-02-05T06:04:50Z" duration-ms="5769" status="PASS">
          <params>
            <param index="0">
              <value>
                <![CDATA[edge]]>
              </value>
            </param>
          </params>
          <reporter-output>
          </reporter-output>
        </test-method> <!-- BrowserLaunch -->
        <test-method signature="verify_UTM_sampledata()[pri:0, instance:BaseTest.action_verfiy@2692b61e]" started-at="2023-02-05T06:04:50Z" name="verify_UTM_sampledata" finished-at="2023-02-05T06:04:55Z" duration-ms="5201" status="PASS">
          <reporter-output>
          </reporter-output>
        </test-method> <!-- verify_UTM_sampledata -->
        <test-method is-config="true" signature="Teardown()[pri:0, instance:BaseTest.action_verfiy@2692b61e]" started-at="2023-02-05T06:04:55Z" name="Teardown" finished-at="2023-02-05T06:04:55Z" duration-ms="146" status="PASS">
          <reporter-output>
          </reporter-output>
        </test-method> <!-- Teardown -->
        <test-method is-config="true" signature="BrowserLaunch(java.lang.String)[pri:0, instance:BaseTest.action_verfiy@2692b61e]" started-at="2023-02-05T06:04:55Z" name="BrowserLaunch" finished-at="2023-02-05T06:05:01Z" duration-ms="5401" status="PASS">
          <params>
            <param index="0">
              <value>
                <![CDATA[edge]]>
              </value>
            </param>
          </params>
          <reporter-output>
          </reporter-output>
        </test-method> <!-- BrowserLaunch -->
        <test-method signature="verify_latlong_sampledata()[pri:0, instance:BaseTest.action_verfiy@2692b61e]" started-at="2023-02-05T06:05:01Z" name="verify_latlong_sampledata" finished-at="2023-02-05T06:05:06Z" duration-ms="5189" status="PASS">
          <reporter-output>
          </reporter-output>
        </test-method> <!-- verify_latlong_sampledata -->
        <test-method is-config="true" signature="Teardown()[pri:0, instance:BaseTest.action_verfiy@2692b61e]" started-at="2023-02-05T06:05:06Z" name="Teardown" finished-at="2023-02-05T06:05:06Z" duration-ms="140" status="PASS">
          <reporter-output>
          </reporter-output>
        </test-method> <!-- Teardown -->
      </class> <!-- BaseTest.action_verfiy -->
    </test> <!-- Test2 -->
  </suite> <!-- Suite -->
</testng-results>
